<?xml version="1.0" encoding="UTF-8"?>
<!-- Generated by org.testng.reporters.JUnitReportReporter -->
<testsuite skipped="0" hostname="DESKTOP-ADGURQB" name="Ocx.HomePage" tests="1" failures="0" timestamp="2020-04-02T15:00:58 EEST" time="7.643" errors="0">
  <testcase name="basePageNavigation" time="7.643" classname="Ocx.HomePage"/>
</testsuite> <!-- Ocx.HomePage -->
